=============================================================================================================================================== test session starts ===============================================================================================================================================
platform win32 -- Python 3.13.3, pytest-8.4.1, pluggy-1.6.0
rootdir: E:\work\Diplom_Marina_Torgash_24\Diplom_1
plugins: cov-6.2.1
collected 23 items                                                                                                                                                                                                                                                                                                 

tests\test_bun.py ......                                                                                                                                                                                                                                                                                     [ 26%] 
tests\test_burger.py ......                                                                                                                                                                                                                                                                                  [ 52%]
tests\test_database.py ..                                                                                                                                                                                                                                                                                    [ 60%] 
tests\test_ingredient.py .........                                                                                                                                                                                                                                                                           [100%]

================================================================================================================================================= tests coverage ================================================================================================================================================== 
_________________________________________________________________________________________________________________________________ coverage: platform win32, python 3.13.3-final-0 _________________________________________________________________________________________________________________________________ 

Name                            Stmts   Miss  Cover
---------------------------------------------------
praktikum\__init__.py               0      0   100%
praktikum\bun.py                    8      0   100%
praktikum\burger.py                27      0   100%
praktikum\database.py              21      0   100%
praktikum\ingredient.py            11      0   100%
praktikum\ingredient_types.py       2      0   100%
---------------------------------------------------
TOTAL                              69      0   100%
